This file contains any messages produced by compilers while
running configure, to aid debugging if configure makes a mistake.

It was created by configure, which was
generated by GNU Autoconf 2.63.  Invocation command line was

  $ ./configure --prefix=/home/matt/code/proj/local

## --------- ##
## Platform. ##
## --------- ##

hostname = localhost
uname -m = x86_64
uname -r = 2.6.25-gentoo-r7
uname -s = Linux
uname -v = #4 SMP Wed Aug 27 00:14:35 CDT 2008

/usr/bin/uname -p = AMD Athlon(tm) 64 X2 Dual Core Processor 4800+
/bin/uname -X     = unknown

/bin/arch              = unknown
/usr/bin/arch -k       = unknown
/usr/convex/getsysinfo = unknown
/usr/bin/hostinfo      = unknown
/bin/machine           = unknown
/usr/bin/oslevel       = unknown
/bin/universe          = unknown

PATH: /usr/local/bin
PATH: /usr/bin
PATH: /bin
PATH: /opt/bin
PATH: /usr/x86_64-pc-linux-gnu/gcc-bin/4.1.2
PATH: /opt/blackdown-jdk-1.4.2.03/bin
PATH: /opt/blackdown-jdk-1.4.2.03/jre/bin
PATH: /usr/qt/3/bin
PATH: /usr/games/bin


## ----------- ##
## Core tests. ##
## ----------- ##

configure:2075: checking for a BSD-compatible install
configure:2143: result: /usr/bin/install -c
configure:2154: checking whether build environment is sane
configure:2197: result: yes
configure:2222: checking for a thread-safe mkdir -p
configure:2261: result: /bin/mkdir -p
configure:2274: checking for gawk
configure:2290: found /usr/bin/gawk
configure:2301: result: gawk
configure:2312: checking whether make sets $(MAKE)
configure:2334: result: yes
configure:2568: checking for gcc
configure:2584: found /usr/bin/gcc
configure:2595: result: gcc
configure:2827: checking for C compiler version
configure:2835: gcc --version >&5
gcc (GCC) 4.1.2 (Gentoo 4.1.2 p1.1)
Copyright (C) 2006 Free Software Foundation, Inc.
This is free software; see the source for copying conditions.  There is NO
warranty; not even for MERCHANTABILITY or FITNESS FOR A PARTICULAR PURPOSE.

configure:2839: $? = 0
configure:2846: gcc -v >&5
Using built-in specs.
Target: x86_64-pc-linux-gnu
Configured with: /var/tmp/portage/sys-devel/gcc-4.1.2/work/gcc-4.1.2/configure --prefix=/usr --bindir=/usr/x86_64-pc-linux-gnu/gcc-bin/4.1.2 --includedir=/usr/lib/gcc/x86_64-pc-linux-gnu/4.1.2/include --datadir=/usr/share/gcc-data/x86_64-pc-linux-gnu/4.1.2 --mandir=/usr/share/gcc-data/x86_64-pc-linux-gnu/4.1.2/man --infodir=/usr/share/gcc-data/x86_64-pc-linux-gnu/4.1.2/info --with-gxx-include-dir=/usr/lib/gcc/x86_64-pc-linux-gnu/4.1.2/include/g++-v4 --host=x86_64-pc-linux-gnu --build=x86_64-pc-linux-gnu --disable-altivec --disable-nls --with-system-zlib --disable-checking --disable-werror --enable-secureplt --enable-multilib --enable-libmudflap --disable-libssp --disable-libgcj --enable-languages=c,c++,treelang,fortran --enable-shared --enable-threads=posix --enable-__cxa_atexit --enable-clocale=gnu
Thread model: posix
gcc version 4.1.2 (Gentoo 4.1.2 p1.1)
configure:2850: $? = 0
configure:2857: gcc -V >&5
gcc: '-V' option must have argument
configure:2861: $? = 1
configure:2884: checking for C compiler default output file name
configure:2906: gcc    conftest.c  >&5
configure:2910: $? = 0
configure:2948: result: a.out
configure:2967: checking whether the C compiler works
configure:2977: ./a.out
configure:2981: $? = 0
configure:3000: result: yes
configure:3007: checking whether we are cross compiling
configure:3009: result: no
configure:3012: checking for suffix of executables
configure:3019: gcc -o conftest    conftest.c  >&5
configure:3023: $? = 0
configure:3049: result: 
configure:3055: checking for suffix of object files
configure:3081: gcc -c   conftest.c >&5
configure:3085: $? = 0
configure:3110: result: o
configure:3114: checking whether we are using the GNU C compiler
configure:3143: gcc -c   conftest.c >&5
configure:3150: $? = 0
configure:3167: result: yes
configure:3176: checking whether gcc accepts -g
configure:3206: gcc -c -g  conftest.c >&5
configure:3213: $? = 0
configure:3314: result: yes
configure:3331: checking for gcc option to accept ISO C89
configure:3405: gcc  -c -g -O2  conftest.c >&5
configure:3412: $? = 0
configure:3435: result: none needed
configure:3464: checking for style of include used by make
configure:3492: result: GNU
configure:3517: checking dependency style of gcc
configure:3608: result: gcc3
configure:3681: checking for g++
configure:3697: found /usr/bin/g++
configure:3708: result: g++
configure:3735: checking for C++ compiler version
configure:3743: g++ --version >&5
g++ (GCC) 4.1.2 (Gentoo 4.1.2 p1.1)
Copyright (C) 2006 Free Software Foundation, Inc.
This is free software; see the source for copying conditions.  There is NO
warranty; not even for MERCHANTABILITY or FITNESS FOR A PARTICULAR PURPOSE.

configure:3747: $? = 0
configure:3754: g++ -v >&5
Using built-in specs.
Target: x86_64-pc-linux-gnu
Configured with: /var/tmp/portage/sys-devel/gcc-4.1.2/work/gcc-4.1.2/configure --prefix=/usr --bindir=/usr/x86_64-pc-linux-gnu/gcc-bin/4.1.2 --includedir=/usr/lib/gcc/x86_64-pc-linux-gnu/4.1.2/include --datadir=/usr/share/gcc-data/x86_64-pc-linux-gnu/4.1.2 --mandir=/usr/share/gcc-data/x86_64-pc-linux-gnu/4.1.2/man --infodir=/usr/share/gcc-data/x86_64-pc-linux-gnu/4.1.2/info --with-gxx-include-dir=/usr/lib/gcc/x86_64-pc-linux-gnu/4.1.2/include/g++-v4 --host=x86_64-pc-linux-gnu --build=x86_64-pc-linux-gnu --disable-altivec --disable-nls --with-system-zlib --disable-checking --disable-werror --enable-secureplt --enable-multilib --enable-libmudflap --disable-libssp --disable-libgcj --enable-languages=c,c++,treelang,fortran --enable-shared --enable-threads=posix --enable-__cxa_atexit --enable-clocale=gnu
Thread model: posix
gcc version 4.1.2 (Gentoo 4.1.2 p1.1)
configure:3758: $? = 0
configure:3765: g++ -V >&5
g++: '-V' option must have argument
configure:3769: $? = 1
configure:3772: checking whether we are using the GNU C++ compiler
configure:3801: g++ -c   conftest.cpp >&5
configure:3808: $? = 0
configure:3825: result: yes
configure:3834: checking whether g++ accepts -g
configure:3864: g++ -c -g  conftest.cpp >&5
configure:3871: $? = 0
configure:3972: result: yes
configure:3997: checking dependency style of g++
configure:4088: result: gcc3
configure:4117: checking for a BSD-compatible install
configure:4185: result: /usr/bin/install -c
configure:4227: checking build system type
configure:4245: result: x86_64-unknown-linux-gnu
configure:4267: checking host system type
configure:4282: result: x86_64-unknown-linux-gnu
configure:4304: checking for a sed that does not truncate output
configure:4370: result: /bin/sed
configure:4388: checking for grep that handles long lines and -e
configure:4448: result: /bin/grep
configure:4453: checking for egrep
configure:4517: result: /bin/grep -E
configure:4522: checking for fgrep
configure:4586: result: /bin/grep -F
configure:4621: checking for ld used by gcc
configure:4688: result: /usr/x86_64-pc-linux-gnu/bin/ld
configure:4697: checking if the linker (/usr/x86_64-pc-linux-gnu/bin/ld) is GNU ld
configure:4712: result: yes
configure:4724: checking for BSD- or MS-compatible name lister (nm)
configure:4773: result: /usr/bin/nm -B
configure:4891: checking the name lister (/usr/bin/nm -B) interface
configure:4898: gcc -c -g -O2  conftest.c >&5
configure:4901: /usr/bin/nm -B "conftest.o"
configure:4904: output
0000000000000000 B some_variable
configure:4911: result: BSD nm
configure:4914: checking whether ln -s works
configure:4918: result: yes
configure:4926: checking the maximum length of command line arguments
configure:5046: result: 1572864
configure:5063: checking whether the shell understands some XSI constructs
configure:5073: result: yes
configure:5077: checking whether the shell understands "+="
configure:5083: result: yes
configure:5118: checking for /usr/x86_64-pc-linux-gnu/bin/ld option to reload object files
configure:5125: result: -r
configure:5194: checking for objdump
configure:5210: found /usr/bin/objdump
configure:5221: result: objdump
configure:5253: checking how to recognize dependent libraries
configure:5449: result: pass_all
configure:5509: checking for ar
configure:5525: found /usr/bin/ar
configure:5536: result: ar
configure:5614: checking for strip
configure:5630: found /usr/bin/strip
configure:5641: result: strip
configure:5713: checking for ranlib
configure:5729: found /usr/bin/ranlib
configure:5740: result: ranlib
configure:5830: checking command to parse /usr/bin/nm -B output from gcc object
configure:5948: gcc -c -g -O2  conftest.c >&5
configure:5951: $? = 0
configure:5955: /usr/bin/nm -B conftest.o \| sed -n -e 's/^.*[	 ]\([ABCDGIRSTW][ABCDGIRSTW]*\)[	 ][	 ]*\([_A-Za-z][_A-Za-z0-9]*\)$/\1 \2 \2/p' \> conftest.nm
configure:5958: $? = 0
configure:6012: gcc -o conftest -g -O2   conftest.c conftstm.o >&5
configure:6015: $? = 0
configure:6053: result: ok
configure:6149: gcc -c -g -O2  conftest.c >&5
configure:6152: $? = 0
configure:6920: checking how to run the C preprocessor
configure:6960: gcc -E  conftest.c
configure:6967: $? = 0
configure:6998: gcc -E  conftest.c
conftest.c:10:28: error: ac_nonexistent.h: No such file or directory
configure:7005: $? = 1
configure: failed program was:
| /* confdefs.h.  */
| #define PACKAGE_NAME ""
| #define PACKAGE_TARNAME ""
| #define PACKAGE_VERSION ""
| #define PACKAGE_STRING ""
| #define PACKAGE_BUGREPORT ""
| #define PACKAGE "bombz-gtk"
| #define VERSION "1.0"
| /* end confdefs.h.  */
| #include <ac_nonexistent.h>
configure:7038: result: gcc -E
configure:7067: gcc -E  conftest.c
configure:7074: $? = 0
configure:7105: gcc -E  conftest.c
conftest.c:10:28: error: ac_nonexistent.h: No such file or directory
configure:7112: $? = 1
configure: failed program was:
| /* confdefs.h.  */
| #define PACKAGE_NAME ""
| #define PACKAGE_TARNAME ""
| #define PACKAGE_VERSION ""
| #define PACKAGE_STRING ""
| #define PACKAGE_BUGREPORT ""
| #define PACKAGE "bombz-gtk"
| #define VERSION "1.0"
| /* end confdefs.h.  */
| #include <ac_nonexistent.h>
configure:7152: checking for ANSI C header files
configure:7182: gcc -c -g -O2  conftest.c >&5
configure:7189: $? = 0
configure:7288: gcc -o conftest -g -O2   conftest.c  >&5
configure:7292: $? = 0
configure:7298: ./conftest
configure:7302: $? = 0
configure:7320: result: yes
configure:7344: checking for sys/types.h
configure:7365: gcc -c -g -O2  conftest.c >&5
configure:7372: $? = 0
configure:7389: result: yes
configure:7344: checking for sys/stat.h
configure:7365: gcc -c -g -O2  conftest.c >&5
configure:7372: $? = 0
configure:7389: result: yes
configure:7344: checking for stdlib.h
configure:7365: gcc -c -g -O2  conftest.c >&5
configure:7372: $? = 0
configure:7389: result: yes
configure:7344: checking for string.h
configure:7365: gcc -c -g -O2  conftest.c >&5
configure:7372: $? = 0
configure:7389: result: yes
configure:7344: checking for memory.h
configure:7365: gcc -c -g -O2  conftest.c >&5
configure:7372: $? = 0
configure:7389: result: yes
configure:7344: checking for strings.h
configure:7365: gcc -c -g -O2  conftest.c >&5
configure:7372: $? = 0
configure:7389: result: yes
configure:7344: checking for inttypes.h
configure:7365: gcc -c -g -O2  conftest.c >&5
configure:7372: $? = 0
configure:7389: result: yes
configure:7344: checking for stdint.h
configure:7365: gcc -c -g -O2  conftest.c >&5
configure:7372: $? = 0
configure:7389: result: yes
configure:7344: checking for unistd.h
configure:7365: gcc -c -g -O2  conftest.c >&5
configure:7372: $? = 0
configure:7389: result: yes
configure:7407: checking for dlfcn.h
configure:7428: gcc -c -g -O2  conftest.c >&5
configure:7435: $? = 0
configure:7452: result: yes
configure:7579: checking for C++ compiler version
configure:7587: g++ --version >&5
g++ (GCC) 4.1.2 (Gentoo 4.1.2 p1.1)
Copyright (C) 2006 Free Software Foundation, Inc.
This is free software; see the source for copying conditions.  There is NO
warranty; not even for MERCHANTABILITY or FITNESS FOR A PARTICULAR PURPOSE.

configure:7591: $? = 0
configure:7598: g++ -v >&5
Using built-in specs.
Target: x86_64-pc-linux-gnu
Configured with: /var/tmp/portage/sys-devel/gcc-4.1.2/work/gcc-4.1.2/configure --prefix=/usr --bindir=/usr/x86_64-pc-linux-gnu/gcc-bin/4.1.2 --includedir=/usr/lib/gcc/x86_64-pc-linux-gnu/4.1.2/include --datadir=/usr/share/gcc-data/x86_64-pc-linux-gnu/4.1.2 --mandir=/usr/share/gcc-data/x86_64-pc-linux-gnu/4.1.2/man --infodir=/usr/share/gcc-data/x86_64-pc-linux-gnu/4.1.2/info --with-gxx-include-dir=/usr/lib/gcc/x86_64-pc-linux-gnu/4.1.2/include/g++-v4 --host=x86_64-pc-linux-gnu --build=x86_64-pc-linux-gnu --disable-altivec --disable-nls --with-system-zlib --disable-checking --disable-werror --enable-secureplt --enable-multilib --enable-libmudflap --disable-libssp --disable-libgcj --enable-languages=c,c++,treelang,fortran --enable-shared --enable-threads=posix --enable-__cxa_atexit --enable-clocale=gnu
Thread model: posix
gcc version 4.1.2 (Gentoo 4.1.2 p1.1)
configure:7602: $? = 0
configure:7609: g++ -V >&5
g++: '-V' option must have argument
configure:7613: $? = 1
configure:7616: checking whether we are using the GNU C++ compiler
configure:7669: result: yes
configure:7678: checking whether g++ accepts -g
configure:7816: result: yes
configure:7841: checking dependency style of g++
configure:7932: result: gcc3
configure:7955: checking how to run the C++ preprocessor
configure:7991: g++ -E  conftest.cpp
configure:7998: $? = 0
configure:8029: g++ -E  conftest.cpp
conftest.cpp:21:28: error: ac_nonexistent.h: No such file or directory
configure:8036: $? = 1
configure: failed program was:
| /* confdefs.h.  */
| #define PACKAGE_NAME ""
| #define PACKAGE_TARNAME ""
| #define PACKAGE_VERSION ""
| #define PACKAGE_STRING ""
| #define PACKAGE_BUGREPORT ""
| #define PACKAGE "bombz-gtk"
| #define VERSION "1.0"
| #define STDC_HEADERS 1
| #define HAVE_SYS_TYPES_H 1
| #define HAVE_SYS_STAT_H 1
| #define HAVE_STDLIB_H 1
| #define HAVE_STRING_H 1
| #define HAVE_MEMORY_H 1
| #define HAVE_STRINGS_H 1
| #define HAVE_INTTYPES_H 1
| #define HAVE_STDINT_H 1
| #define HAVE_UNISTD_H 1
| #define HAVE_DLFCN_H 1
| /* end confdefs.h.  */
| #include <ac_nonexistent.h>
configure:8069: result: g++ -E
configure:8098: g++ -E  conftest.cpp
configure:8105: $? = 0
configure:8136: g++ -E  conftest.cpp
conftest.cpp:21:28: error: ac_nonexistent.h: No such file or directory
configure:8143: $? = 1
configure: failed program was:
| /* confdefs.h.  */
| #define PACKAGE_NAME ""
| #define PACKAGE_TARNAME ""
| #define PACKAGE_VERSION ""
| #define PACKAGE_STRING ""
| #define PACKAGE_BUGREPORT ""
| #define PACKAGE "bombz-gtk"
| #define VERSION "1.0"
| #define STDC_HEADERS 1
| #define HAVE_SYS_TYPES_H 1
| #define HAVE_SYS_STAT_H 1
| #define HAVE_STDLIB_H 1
| #define HAVE_STRING_H 1
| #define HAVE_MEMORY_H 1
| #define HAVE_STRINGS_H 1
| #define HAVE_INTTYPES_H 1
| #define HAVE_STDINT_H 1
| #define HAVE_UNISTD_H 1
| #define HAVE_DLFCN_H 1
| /* end confdefs.h.  */
| #include <ac_nonexistent.h>
configure:8357: checking for objdir
configure:8372: result: .libs
configure:8664: checking if gcc supports -fno-rtti -fno-exceptions
configure:8682: gcc -c -g -O2  -fno-rtti -fno-exceptions conftest.c >&5
cc1: warning: command line option "-fno-rtti" is valid for C++/ObjC++ but not for C
configure:8686: $? = 0
configure:8699: result: no
configure:8719: checking for gcc option to produce PIC
configure:8991: result: -fPIC -DPIC
configure:9003: checking if gcc PIC flag -fPIC -DPIC works
configure:9021: gcc -c -g -O2  -fPIC -DPIC -DPIC conftest.c >&5
configure:9025: $? = 0
configure:9038: result: yes
configure:9062: checking if gcc static flag -static works
configure:9090: result: yes
configure:9105: checking if gcc supports -c -o file.o
configure:9126: gcc -c -g -O2  -o out/conftest2.o conftest.c >&5
configure:9130: $? = 0
configure:9152: result: yes
configure:9160: checking if gcc supports -c -o file.o
configure:9207: result: yes
configure:9240: checking whether the gcc linker (/usr/x86_64-pc-linux-gnu/bin/ld -m elf_x86_64) supports shared libraries
configure:10314: result: yes
configure:10351: checking whether -lc should be explicitly linked in
configure:10356: gcc -c -g -O2  conftest.c >&5
configure:10359: $? = 0
configure:10374: gcc -shared conftest.o  -v -Wl,-soname -Wl,conftest -o conftest 2\>\&1 \| /bin/grep  -lc  \>/dev/null 2\>\&1
configure:10377: $? = 0
configure:10389: result: no
configure:10553: checking dynamic linker characteristics
configure:11009: gcc -o conftest -g -O2   -Wl,-rpath -Wl,/foo conftest.c  >&5
configure:11016: $? = 0
configure:11249: result: GNU/Linux ld.so
configure:11351: checking how to hardcode library paths into programs
configure:11376: result: immediate
configure:12209: checking whether stripping libraries is possible
configure:12214: result: yes
configure:12249: checking if libtool supports shared libraries
configure:12251: result: yes
configure:12254: checking whether to build shared libraries
configure:12275: result: yes
configure:12278: checking whether to build static libraries
configure:12282: result: yes
configure:12432: checking for ld used by g++
configure:12499: result: /usr/x86_64-pc-linux-gnu/bin/ld -m elf_x86_64
configure:12508: checking if the linker (/usr/x86_64-pc-linux-gnu/bin/ld -m elf_x86_64) is GNU ld
configure:12523: result: yes
configure:12578: checking whether the g++ linker (/usr/x86_64-pc-linux-gnu/bin/ld -m elf_x86_64) supports shared libraries
configure:13553: result: yes
configure:13581: g++ -c -g -O2  conftest.cpp >&5
configure:13584: $? = 0
configure:13766: checking for g++ option to produce PIC
configure:14083: result: -fPIC -DPIC
configure:14092: checking if g++ PIC flag -fPIC -DPIC works
configure:14110: g++ -c -g -O2  -fPIC -DPIC -DPIC conftest.cpp >&5
configure:14114: $? = 0
configure:14127: result: yes
configure:14148: checking if g++ static flag -static works
configure:14176: result: yes
configure:14188: checking if g++ supports -c -o file.o
configure:14209: g++ -c -g -O2  -o out/conftest2.o conftest.cpp >&5
configure:14213: $? = 0
configure:14235: result: yes
configure:14240: checking if g++ supports -c -o file.o
configure:14287: result: yes
configure:14317: checking whether the g++ linker (/usr/x86_64-pc-linux-gnu/bin/ld -m elf_x86_64) supports shared libraries
configure:14343: result: yes
configure:14480: checking dynamic linker characteristics
configure:14884: g++ -o conftest -g -O2   -Wl,-rpath -Wl,/foo conftest.cpp  >&5
configure:14891: $? = 0
configure:15124: result: GNU/Linux ld.so
configure:15175: checking how to hardcode library paths into programs
configure:15200: result: immediate
configure:15307: checking for pkg-config
configure:15325: found /usr/bin/pkg-config
configure:15337: result: /usr/bin/pkg-config
configure:15362: checking pkg-config is at least version 0.9.0
configure:15365: result: yes
configure:15376: checking for DEPS
configure:15383: $PKG_CONFIG --exists --print-errors "gtkmm-2.4 >= 2.0"
configure:15386: $? = 0
configure:15399: $PKG_CONFIG --exists --print-errors "gtkmm-2.4 >= 2.0"
configure:15402: $? = 0
configure:15479: result: yes
configure:15617: creating ./config.status

## ---------------------- ##
## Running config.status. ##
## ---------------------- ##

This file was extended by config.status, which was
generated by GNU Autoconf 2.63.  Invocation command line was

  CONFIG_FILES    = 
  CONFIG_HEADERS  = 
  CONFIG_LINKS    = 
  CONFIG_COMMANDS = 
  $ ./config.status 

on localhost

config.status:1052: creating Makefile
config.status:1052: creating src/Makefile
config.status:1052: creating data/Makefile
config.status:1052: creating config.h
config.status:1274: config.h is unchanged
config.status:1326: executing depfiles commands
config.status:1326: executing libtool commands

## ---------------- ##
## Cache variables. ##
## ---------------- ##

ac_cv_build=x86_64-unknown-linux-gnu
ac_cv_c_compiler_gnu=yes
ac_cv_cxx_compiler_gnu=yes
ac_cv_env_CCC_set=
ac_cv_env_CCC_value=
ac_cv_env_CC_set=
ac_cv_env_CC_value=
ac_cv_env_CFLAGS_set=
ac_cv_env_CFLAGS_value=
ac_cv_env_CPPFLAGS_set=
ac_cv_env_CPPFLAGS_value=
ac_cv_env_CPP_set=
ac_cv_env_CPP_value=
ac_cv_env_CXXCPP_set=
ac_cv_env_CXXCPP_value=
ac_cv_env_CXXFLAGS_set=
ac_cv_env_CXXFLAGS_value=
ac_cv_env_CXX_set=
ac_cv_env_CXX_value=
ac_cv_env_DEPS_CFLAGS_set=
ac_cv_env_DEPS_CFLAGS_value=
ac_cv_env_DEPS_LIBS_set=
ac_cv_env_DEPS_LIBS_value=
ac_cv_env_LDFLAGS_set=
ac_cv_env_LDFLAGS_value=
ac_cv_env_LIBS_set=
ac_cv_env_LIBS_value=
ac_cv_env_PKG_CONFIG_set=
ac_cv_env_PKG_CONFIG_value=
ac_cv_env_build_alias_set=
ac_cv_env_build_alias_value=
ac_cv_env_host_alias_set=
ac_cv_env_host_alias_value=
ac_cv_env_target_alias_set=
ac_cv_env_target_alias_value=
ac_cv_header_dlfcn_h=yes
ac_cv_header_inttypes_h=yes
ac_cv_header_memory_h=yes
ac_cv_header_stdc=yes
ac_cv_header_stdint_h=yes
ac_cv_header_stdlib_h=yes
ac_cv_header_string_h=yes
ac_cv_header_strings_h=yes
ac_cv_header_sys_stat_h=yes
ac_cv_header_sys_types_h=yes
ac_cv_header_unistd_h=yes
ac_cv_host=x86_64-unknown-linux-gnu
ac_cv_objext=o
ac_cv_path_EGREP='/bin/grep -E'
ac_cv_path_FGREP='/bin/grep -F'
ac_cv_path_GREP=/bin/grep
ac_cv_path_SED=/bin/sed
ac_cv_path_ac_pt_PKG_CONFIG=/usr/bin/pkg-config
ac_cv_path_install='/usr/bin/install -c'
ac_cv_path_mkdir=/bin/mkdir
ac_cv_prog_AWK=gawk
ac_cv_prog_CPP='gcc -E'
ac_cv_prog_CXXCPP='g++ -E'
ac_cv_prog_ac_ct_AR=ar
ac_cv_prog_ac_ct_CC=gcc
ac_cv_prog_ac_ct_CXX=g++
ac_cv_prog_ac_ct_OBJDUMP=objdump
ac_cv_prog_ac_ct_RANLIB=ranlib
ac_cv_prog_ac_ct_STRIP=strip
ac_cv_prog_cc_c89=
ac_cv_prog_cc_g=yes
ac_cv_prog_cxx_g=yes
ac_cv_prog_make_make_set=yes
am_cv_CC_dependencies_compiler_type=gcc3
am_cv_CXX_dependencies_compiler_type=gcc3
lt_cv_deplibs_check_method=pass_all
lt_cv_file_magic_cmd='$MAGIC_CMD'
lt_cv_file_magic_test_file=
lt_cv_ld_reload_flag=-r
lt_cv_nm_interface='BSD nm'
lt_cv_objdir=.libs
lt_cv_path_LD=/usr/x86_64-pc-linux-gnu/bin/ld
lt_cv_path_LDCXX='/usr/x86_64-pc-linux-gnu/bin/ld -m elf_x86_64'
lt_cv_path_NM='/usr/bin/nm -B'
lt_cv_prog_compiler_c_o=yes
lt_cv_prog_compiler_c_o_CXX=yes
lt_cv_prog_compiler_pic_works=yes
lt_cv_prog_compiler_pic_works_CXX=yes
lt_cv_prog_compiler_rtti_exceptions=no
lt_cv_prog_compiler_static_works=yes
lt_cv_prog_compiler_static_works_CXX=yes
lt_cv_prog_gnu_ld=yes
lt_cv_prog_gnu_ldcxx=yes
lt_cv_sys_global_symbol_pipe='sed -n -e '\''s/^.*[	 ]\([ABCDGIRSTW][ABCDGIRSTW]*\)[	 ][	 ]*\([_A-Za-z][_A-Za-z0-9]*\)$/\1 \2 \2/p'\'''
lt_cv_sys_global_symbol_to_c_name_address='sed -n -e '\''s/^: \([^ ]*\) $/  {\"\1\", (void *) 0},/p'\'' -e '\''s/^[ABCDGIRSTW]* \([^ ]*\) \([^ ]*\)$/  {"\2", (void *) \&\2},/p'\'''
lt_cv_sys_global_symbol_to_c_name_address_lib_prefix='sed -n -e '\''s/^: \([^ ]*\) $/  {\"\1\", (void *) 0},/p'\'' -e '\''s/^[ABCDGIRSTW]* \([^ ]*\) \(lib[^ ]*\)$/  {"\2", (void *) \&\2},/p'\'' -e '\''s/^[ABCDGIRSTW]* \([^ ]*\) \([^ ]*\)$/  {"lib\2", (void *) \&\2},/p'\'''
lt_cv_sys_global_symbol_to_cdecl='sed -n -e '\''s/^T .* \(.*\)$/extern int \1();/p'\'' -e '\''s/^[ABCDGIRSTW]* .* \(.*\)$/extern char \1;/p'\'''
lt_cv_sys_max_cmd_len=1572864
pkg_cv_DEPS_CFLAGS='-I/usr/include/gtkmm-2.4 -I/usr/lib64/gtkmm-2.4/include -I/usr/include/glibmm-2.4 -I/usr/lib64/glibmm-2.4/include -I/usr/include/gdkmm-2.4 -I/usr/lib64/gdkmm-2.4/include -I/usr/include/pangomm-1.4 -I/usr/include/gtk-2.0 -I/usr/include/sigc++-2.0 -I/usr/lib64/sigc++-2.0/include -I/usr/include/glib-2.0 -I/usr/lib64/glib-2.0/include -I/usr/lib64/gtk-2.0/include -I/usr/include/cairomm-1.0 -I/usr/include/pango-1.0 -I/usr/include/cairo -I/usr/include/pixman-1 -I/usr/include/freetype2 -I/usr/include/libpng12 -I/usr/include/atk-1.0  '
pkg_cv_DEPS_LIBS='-lgtkmm-2.4 -lgdkmm-2.4 -lgtk-x11-2.0 -lpangomm-1.4 -lcairomm-1.0 -lglibmm-2.4 -lsigc-2.0 -lgdk-x11-2.0 -latk-1.0 -lgio-2.0 -lpangoft2-1.0 -lgdk_pixbuf-2.0 -lpangocairo-1.0 -lcairo -lpango-1.0 -lfreetype -lz -lfontconfig -lgobject-2.0 -lgmodule-2.0 -lglib-2.0  '

## ----------------- ##
## Output variables. ##
## ----------------- ##

ACLOCAL='${SHELL} /home/matt/code/proj/bombz-gtk/missing --run aclocal-1.10'
AMDEPBACKSLASH='\'
AMDEP_FALSE='#'
AMDEP_TRUE=''
AMTAR='${SHELL} /home/matt/code/proj/bombz-gtk/missing --run tar'
AR='ar'
AUTOCONF='${SHELL} /home/matt/code/proj/bombz-gtk/missing --run autoconf'
AUTOHEADER='${SHELL} /home/matt/code/proj/bombz-gtk/missing --run autoheader'
AUTOMAKE='${SHELL} /home/matt/code/proj/bombz-gtk/missing --run automake-1.10'
AWK='gawk'
CC='gcc'
CCDEPMODE='depmode=gcc3'
CFLAGS='-g -O2'
CPP='gcc -E'
CPPFLAGS=''
CXX='g++'
CXXCPP='g++ -E'
CXXDEPMODE='depmode=gcc3'
CXXFLAGS='-g -O2'
CYGPATH_W='echo'
DEFS='-DHAVE_CONFIG_H'
DEPDIR='.deps'
DEPS_CFLAGS='-I/usr/include/gtkmm-2.4 -I/usr/lib64/gtkmm-2.4/include -I/usr/include/glibmm-2.4 -I/usr/lib64/glibmm-2.4/include -I/usr/include/gdkmm-2.4 -I/usr/lib64/gdkmm-2.4/include -I/usr/include/pangomm-1.4 -I/usr/include/gtk-2.0 -I/usr/include/sigc++-2.0 -I/usr/lib64/sigc++-2.0/include -I/usr/include/glib-2.0 -I/usr/lib64/glib-2.0/include -I/usr/lib64/gtk-2.0/include -I/usr/include/cairomm-1.0 -I/usr/include/pango-1.0 -I/usr/include/cairo -I/usr/include/pixman-1 -I/usr/include/freetype2 -I/usr/include/libpng12 -I/usr/include/atk-1.0  '
DEPS_LIBS='-lgtkmm-2.4 -lgdkmm-2.4 -lgtk-x11-2.0 -lpangomm-1.4 -lcairomm-1.0 -lglibmm-2.4 -lsigc-2.0 -lgdk-x11-2.0 -latk-1.0 -lgio-2.0 -lpangoft2-1.0 -lgdk_pixbuf-2.0 -lpangocairo-1.0 -lcairo -lpango-1.0 -lfreetype -lz -lfontconfig -lgobject-2.0 -lgmodule-2.0 -lglib-2.0  '
DSYMUTIL=''
DUMPBIN=''
ECHO_C=''
ECHO_N='-n'
ECHO_T=''
EGREP='/bin/grep -E'
EXEEXT=''
FGREP='/bin/grep -F'
GREP='/bin/grep'
INSTALL_DATA='${INSTALL} -m 644'
INSTALL_PROGRAM='${INSTALL}'
INSTALL_SCRIPT='${INSTALL}'
INSTALL_STRIP_PROGRAM='$(install_sh) -c -s'
LD='/usr/x86_64-pc-linux-gnu/bin/ld -m elf_x86_64'
LDFLAGS=''
LIBOBJS=''
LIBS=''
LIBTOOL='$(SHELL) $(top_builddir)/libtool'
LIPO=''
LN_S='ln -s'
LTLIBOBJS=''
MAKEINFO='${SHELL} /home/matt/code/proj/bombz-gtk/missing --run makeinfo'
MKDIR_P='/bin/mkdir -p'
NM='/usr/bin/nm -B'
NMEDIT=''
OBJDUMP='objdump'
OBJEXT='o'
OTOOL64=''
OTOOL=''
PACKAGE='bombz-gtk'
PACKAGE_BUGREPORT=''
PACKAGE_NAME=''
PACKAGE_STRING=''
PACKAGE_TARNAME=''
PACKAGE_VERSION=''
PATH_SEPARATOR=':'
PKG_CONFIG='/usr/bin/pkg-config'
RANLIB='ranlib'
SED='/bin/sed'
SET_MAKE=''
SHELL='/bin/sh'
STRIP='strip'
VERSION='1.0'
ac_ct_CC='gcc'
ac_ct_CXX='g++'
ac_ct_DUMPBIN=''
am__fastdepCC_FALSE='#'
am__fastdepCC_TRUE=''
am__fastdepCXX_FALSE='#'
am__fastdepCXX_TRUE=''
am__include='include'
am__isrc=''
am__leading_dot='.'
am__quote=''
am__tar='${AMTAR} chof - "$$tardir"'
am__untar='${AMTAR} xf -'
bindir='${exec_prefix}/bin'
build='x86_64-unknown-linux-gnu'
build_alias=''
build_cpu='x86_64'
build_os='linux-gnu'
build_vendor='unknown'
datadir='${datarootdir}'
datarootdir='${prefix}/share'
docdir='${datarootdir}/doc/${PACKAGE}'
dvidir='${docdir}'
exec_prefix='${prefix}'
host='x86_64-unknown-linux-gnu'
host_alias=''
host_cpu='x86_64'
host_os='linux-gnu'
host_vendor='unknown'
htmldir='${docdir}'
includedir='${prefix}/include'
infodir='${datarootdir}/info'
install_sh='$(SHELL) /home/matt/code/proj/bombz-gtk/install-sh'
libdir='${exec_prefix}/lib'
libexecdir='${exec_prefix}/libexec'
localedir='${datarootdir}/locale'
localstatedir='${prefix}/var'
lt_ECHO='echo'
mandir='${datarootdir}/man'
mkdir_p='/bin/mkdir -p'
oldincludedir='/usr/include'
pdfdir='${docdir}'
prefix='/home/matt/code/proj/local'
program_transform_name='s,x,x,'
psdir='${docdir}'
sbindir='${exec_prefix}/sbin'
sharedstatedir='${prefix}/com'
sysconfdir='${prefix}/etc'
target_alias=''

## ----------- ##
## confdefs.h. ##
## ----------- ##

#define PACKAGE_NAME ""
#define PACKAGE_TARNAME ""
#define PACKAGE_VERSION ""
#define PACKAGE_STRING ""
#define PACKAGE_BUGREPORT ""
#define PACKAGE "bombz-gtk"
#define VERSION "1.0"
#define STDC_HEADERS 1
#define HAVE_SYS_TYPES_H 1
#define HAVE_SYS_STAT_H 1
#define HAVE_STDLIB_H 1
#define HAVE_STRING_H 1
#define HAVE_MEMORY_H 1
#define HAVE_STRINGS_H 1
#define HAVE_INTTYPES_H 1
#define HAVE_STDINT_H 1
#define HAVE_UNISTD_H 1
#define HAVE_DLFCN_H 1
#define LT_OBJDIR ".libs/"

configure: exit 0
